<?xml version="1.0" encoding="UTF-8"?>
<testsuite name="TestSuite" time="19.234" tests="2" errors="0" skipped="0" failures="0">
  <properties>
    <property name="java.runtime.name" value="Java(TM) SE Runtime Environment"/>
    <property name="sun.boot.library.path" value="C:\Users\nishant.narwade\Desktop\Nishant\Software and Keys\xyz\Java\jdk1.8.0_31\jre\bin"/>
    <property name="java.vm.version" value="25.31-b07"/>
    <property name="java.vm.vendor" value="Oracle Corporation"/>
    <property name="maven.multiModuleProjectDirectory" value="C:\Users\nishant.narwade\Desktop\Nishant\SDET_Code\SeleniumStudy"/>
    <property name="java.vendor.url" value="http://java.oracle.com/"/>
    <property name="path.separator" value=";"/>
    <property name="guice.disable.misplaced.annotation.check" value="true"/>
    <property name="java.vm.name" value="Java HotSpot(TM) 64-Bit Server VM"/>
    <property name="file.encoding.pkg" value="sun.io"/>
    <property name="user.script" value=""/>
    <property name="user.country" value="US"/>
    <property name="sun.java.launcher" value="SUN_STANDARD"/>
    <property name="sun.os.patch.level" value=""/>
    <property name="java.vm.specification.name" value="Java Virtual Machine Specification"/>
    <property name="user.dir" value="C:\Users\nishant.narwade\Desktop\Nishant\SDET_Code\SeleniumStudy"/>
    <property name="java.runtime.version" value="1.8.0_31-b13"/>
    <property name="java.awt.graphicsenv" value="sun.awt.Win32GraphicsEnvironment"/>
    <property name="java.endorsed.dirs" value="C:\Users\nishant.narwade\Desktop\Nishant\Software and Keys\xyz\Java\jdk1.8.0_31\jre\lib\endorsed"/>
    <property name="os.arch" value="amd64"/>
    <property name="java.io.tmpdir" value="C:\Users\NISHAN~1.NAR\AppData\Local\Temp\"/>
    <property name="line.separator" value="&#10;"/>
    <property name="java.vm.specification.vendor" value="Oracle Corporation"/>
    <property name="user.variant" value=""/>
    <property name="os.name" value="Windows 8.1"/>
    <property name="classworlds.conf" value="C:\Users\nishant.narwade\Desktop\Nishant\SDET_Code\.metadata\.plugins\org.eclipse.m2e.launching\launches\m2conf5770575629222762957.tmp"/>
    <property name="sun.jnu.encoding" value="Cp1252"/>
    <property name="java.library.path" value="C:\Users\nishant.narwade\Desktop\Nishant\Software and Keys\xyz\Java\jdk1.8.0_31\bin;C:\Windows\Sun\Java\bin;C:\Windows\system32;C:\Windows;C:/Users/nishant.narwade/.p2/pool/plugins/org.eclipse.justj.openjdk.hotspot.jre.full.win32.x86_64_15.0.2.v20210201-0955/jre/bin/server;C:/Users/nishant.narwade/.p2/pool/plugins/org.eclipse.justj.openjdk.hotspot.jre.full.win32.x86_64_15.0.2.v20210201-0955/jre/bin;C:\Python39\Scripts\;C:\Python39\;C:\Program Files\Python37\Scripts\;C:\Program Files\Python37\;C:\Windows\system32;C:\Windows;C:\Windows\System32\Wbem;C:\Windows\System32\WindowsPowerShell\v1.0\;C:\Windows\System32\OpenSSH\;C:\Program Files\OpenVPN\bin;C:\Users\nishant.narwade\AppData\Roaming\Microsoft\Windows\Start Menu\Programs\Python 3.7\Scripts\;C:\Users\nishant.narwade\Desktop\NIshant\Software and Keys\xyz\Java\jdk1.8.0_31\bin;C:\Users\nishant.narwade\Desktop\NIshant\Software and Keys\apache-maven-3.8.1-bin\apache-maven-3.8.1\bin;C:\ProgramData\chocolatey\bin;C:\Program Files\nodejs;C:\Users\nishant.narwade\Desktop\NIshant\Software and Keys\allure-2.14.0\bin;C:\Program Files\TortoiseGit\bin;C:\Program Files\Git\cmd;C:\Program Files\nodejs\;C:\Program Files\TortoiseSVN\bin;C:\Program Files\MySQL\MySQL Shell 8.0\bin\;C:\Users\nishant.narwade\AppData\Roaming\Microsoft\Windows\Start Menu\Programs\Python 3.7;C:\Users\nishant.narwade\AppData\Local\Programs\Microsoft VS Code\bin;C:\Users\nishant.narwade\AppData\Roaming\npm;C:\Program Files\nodejs;;C:\Users\nishant.narwade\Desktop;;."/>
    <property name="java.specification.name" value="Java Platform API Specification"/>
    <property name="java.class.version" value="52.0"/>
    <property name="sun.management.compiler" value="HotSpot 64-Bit Tiered Compilers"/>
    <property name="os.version" value="6.3"/>
    <property name="user.home" value="C:\Users\nishant.narwade"/>
    <property name="user.timezone" value="Asia/Calcutta"/>
    <property name="java.awt.printerjob" value="sun.awt.windows.WPrinterJob"/>
    <property name="java.specification.version" value="1.8"/>
    <property name="file.encoding" value="Cp1252"/>
    <property name="user.name" value="Nishant.Narwade"/>
    <property name="java.class.path" value="C:\Users\nishant.narwade\.p2\pool\plugins\org.eclipse.m2e.maven.runtime_1.16.0.20210129-0849\jars\plexus-classworlds-2.6.0.jar"/>
    <property name="java.vm.specification.version" value="1.8"/>
    <property name="sun.arch.data.model" value="64"/>
    <property name="java.home" value="C:\Users\nishant.narwade\Desktop\Nishant\Software and Keys\xyz\Java\jdk1.8.0_31\jre"/>
    <property name="sun.java.command" value="org.codehaus.plexus.classworlds.launcher.Launcher -B test"/>
    <property name="java.specification.vendor" value="Oracle Corporation"/>
    <property name="user.language" value="en"/>
    <property name="awt.toolkit" value="sun.awt.windows.WToolkit"/>
    <property name="java.vm.info" value="mixed mode"/>
    <property name="java.version" value="1.8.0_31"/>
    <property name="java.ext.dirs" value="C:\Users\nishant.narwade\Desktop\Nishant\Software and Keys\xyz\Java\jdk1.8.0_31\jre\lib\ext;C:\Windows\Sun\Java\lib\ext"/>
    <property name="sun.boot.class.path" value="C:\Users\nishant.narwade\Desktop\Nishant\Software and Keys\xyz\Java\jdk1.8.0_31\jre\lib\resources.jar;C:\Users\nishant.narwade\Desktop\Nishant\Software and Keys\xyz\Java\jdk1.8.0_31\jre\lib\rt.jar;C:\Users\nishant.narwade\Desktop\Nishant\Software and Keys\xyz\Java\jdk1.8.0_31\jre\lib\sunrsasign.jar;C:\Users\nishant.narwade\Desktop\Nishant\Software and Keys\xyz\Java\jdk1.8.0_31\jre\lib\jsse.jar;C:\Users\nishant.narwade\Desktop\Nishant\Software and Keys\xyz\Java\jdk1.8.0_31\jre\lib\jce.jar;C:\Users\nishant.narwade\Desktop\Nishant\Software and Keys\xyz\Java\jdk1.8.0_31\jre\lib\charsets.jar;C:\Users\nishant.narwade\Desktop\Nishant\Software and Keys\xyz\Java\jdk1.8.0_31\jre\lib\jfr.jar;C:\Users\nishant.narwade\Desktop\Nishant\Software and Keys\xyz\Java\jdk1.8.0_31\jre\classes"/>
    <property name="java.vendor" value="Oracle Corporation"/>
    <property name="maven.home" value="C:\Users\nishant.narwade\Desktop\Nishant\SDET_Code\SeleniumStudy\EMBEDDED"/>
    <property name="file.separator" value="\"/>
    <property name="java.vendor.url.bug" value="http://bugreport.sun.com/bugreport/"/>
    <property name="sun.cpu.endian" value="little"/>
    <property name="sun.io.unicode.encoding" value="UnicodeLittle"/>
    <property name="sun.desktop" value="windows"/>
    <property name="sun.cpu.isalist" value="amd64"/>
  </properties>
  <testcase name="verifyGooglePageTittle" classname="all_example.GoogleHomePageTest" time="7.287"/>
  <testcase name="ScreenShotTest" classname="all_example.ScreensShot" time="11.947"/>
</testsuite>