<?xml version="1.0" encoding="UTF-8"?>
<!-- Generated by org.testng.reporters.JUnitReportReporter -->
<testsuite hostname="XIPL9913" failures="0" tests="1" name="all_example.GoogleHomePageTest" time="14.388" errors="0" timestamp="2022-10-06T20:03:08 IST" skipped="0">
  <testcase classname="all_example.GoogleHomePageTest" name="verifyGooglePageTittle" time="14.388"/>
  <system-out/>
</testsuite> <!-- all_example.GoogleHomePageTest -->
