<?xml version="1.0" encoding="UTF-8"?>
<!-- Generated by org.testng.reporters.JUnitReportReporter -->
<testsuite hostname="XIPL9913" failures="0" tests="2" name="testng_study.ParallelExecution" time="39.950" errors="0" timestamp="2022-10-06T19:51:18 IST" skipped="0">
  <testcase classname="testng_study.ParallelExecution" name="OpenFireFox" time="21.952"/>
  <system-out/>
  <testcase classname="testng_study.ParallelExecution" name="OpenChrome" time="17.998"/>
  <system-out/>
</testsuite> <!-- testng_study.ParallelExecution -->
