<?xml version="1.0" encoding="UTF-8"?>
<!-- Generated by org.testng.reporters.JUnitReportReporter -->
<testsuite skipped="0" hostname="XIPL9913" name="all_example.GoogleHomePageTest" tests="1" failures="0" timestamp="2022-10-07T10:12:37 IST" time="16.481" errors="0">
  <testcase name="verifyGooglePageTittle" time="16.481" classname="all_example.GoogleHomePageTest"/>
  <system-out/>
</testsuite> <!-- all_example.GoogleHomePageTest -->
