<?xml version="1.0" encoding="UTF-8"?>
<!-- Generated by org.testng.reporters.JUnitReportReporter -->
<testsuite skipped="0" hostname="XIPL9913" name="all_example.GoogleHomePageTest" tests="1" failures="0" timestamp="2022-10-07T11:52:00 IST" time="7.992" errors="0">
  <testcase name="verifyGooglePageTittle" time="7.992" classname="all_example.GoogleHomePageTest"/>
  <system-out/>
</testsuite> <!-- all_example.GoogleHomePageTest -->
