<?xml version="1.0" encoding="UTF-8"?>
<!-- Generated by org.testng.reporters.JUnitReportReporter -->
<testsuite skipped="0" hostname="XIPL9913" name="all_example.ScreensShot" tests="1" failures="0" timestamp="2022-10-07T11:52:00 IST" time="4.889" errors="0">
  <testcase name="ScreenShotTest" time="4.889" classname="all_example.ScreensShot"/>
  <system-out/>
</testsuite> <!-- all_example.ScreensShot -->
